<?xml version="1.0" encoding="UTF-8"?>
<testsuite name="com.skolka.expensetracker.services.ocr.ReceiptParserTest" tests="10" skipped="0" failures="0" errors="0" timestamp="2026-09-11T19:41:49" hostname="77bbb96f8108" time="0.061">
  <properties/>
  <testcase name="spatialParsingIgnoresPrintedSerialAndUsesFixedFormFields" classname="com.skolka.expensetracker.services.ocr.ReceiptParserTest" time="0.036"/>
  <testcase name="selectsFeeAmountFromNoisyHandwritingRecognition" classname="com.skolka.expensetracker.services.ocr.ReceiptParserTest" time="0.004"/>
  <testcase name="enhancedFieldPassesOverrideIncorrectFullPageOcr" classname="com.skolka.expensetracker.services.ocr.ReceiptParserTest" time="0.004"/>
  <testcase name="parsesFixedCzechPaymentReceiptFields" classname="com.skolka.expensetracker.services.ocr.ReceiptParserTest" time="0.008"/>
  <testcase name="parsesFieldsWhenValuesShareTheirLabels" classname="com.skolka.expensetracker.services.ocr.ReceiptParserTest" time="0.002"/>
  <testcase name="parsesEuropeanAmountAndDate" classname="com.skolka.expensetracker.services.ocr.ReceiptParserTest" time="0.001"/>
  <testcase name="selectsLargestAmountAsLikelyTotal" classname="com.skolka.expensetracker.services.ocr.ReceiptParserTest" time="0.001"/>
  <testcase name="rejectsImpossibleAmountInsteadOfPrefillingIt" classname="com.skolka.expensetracker.services.ocr.ReceiptParserTest" time="0.001"/>
  <testcase name="noisyMergedAmountCanRecoverExpectedFeeWhenDigitsRemainInOrder" classname="com.skolka.expensetracker.services.ocr.ReceiptParserTest" time="0.0"/>
  <testcase name="matchesOcrNameToKnownChildIgnoringDiacriticsAndCase" classname="com.skolka.expensetracker.services.ocr.ReceiptParserTest" time="0.001"/>
  <system-out><![CDATA[]]></system-out>
  <system-err><![CDATA[]]></system-err>
</testsuite>
