<?xml version="1.0" encoding="UTF-8"?>
<testsuite name="com.skolka.expensetracker.services.ocr.ReceiptParserTest" tests="2" skipped="0" failures="0" errors="0" timestamp="2026-09-10T10:14:48" hostname="77bbb96f8108" time="0.064">
  <properties/>
  <testcase name="parsesEuropeanAmountAndDate" classname="com.skolka.expensetracker.services.ocr.ReceiptParserTest" time="0.063"/>
  <testcase name="selectsLargestAmountAsLikelyTotal" classname="com.skolka.expensetracker.services.ocr.ReceiptParserTest" time="0.001"/>
  <system-out><![CDATA[]]></system-out>
  <system-err><![CDATA[]]></system-err>
</testsuite>
